[debug] > Exec(early(addDefaultCommands), None, None)
[debug] > Exec(addDefaultCommands, None, None)
[debug] > Exec(early(initialize), None, None)
[debug] > Exec(initialize, None, None)
[debug] > Exec(early(addPluginSbtFile="""C:\Users\EDWINC~1\AppData\Local\Temp\idea6.sbt"""), None, None)
[debug] > Exec(addPluginSbtFile="""C:\Users\EDWINC~1\AppData\Local\Temp\idea6.sbt""", None, None)
[debug] > Exec(boot, None, None)
[debug] > Exec(writeSbtVersion, None, None)
[debug] > Exec(reload, None, None)
[debug] > Exec(sbtStashOnFailure, None, None)
[debug] > Exec(onFailure loadFailed, None, None)
[debug] > Exec(loadp, None, None)
[info] welcome to sbt 1.6.2 (Amazon.com Inc. Java 1.8.0_332)
[debug]       Load.loadUnit: plugins took 178.9223ms
[debug]       Load.loadUnit: defsScala took 0.336699ms
[debug] [Loading] Scanning directory C:\Users\Edwin Castano\.sbt\1.0\plugins
[debug] [Loading] Found non-root projects 
[debug] [Loading] Done in C:\Users\Edwin Castano\.sbt\1.0\plugins, returning: ()
[debug] deducing auto plugins based on known facts Set(Atom(sbt.plugins.CorePlugin)) and clauses Clauses(Clause(Atom(sbt.plugins.JvmPlugin),Set(Atom(sbt.plugins.IvyPlugin)))
[debug] Clause(Atom(sbt.ScriptedPlugin),Set(Atom(sbt.plugins.JvmPlugin)))
[debug] Clause(Atom(sbt.plugins.SbtPlugin),Set(Atom(sbt.ScriptedPlugin)))
[debug] Clause(Atom(sbt.plugins.SemanticdbPlugin),Set(Atom(sbt.plugins.JvmPlugin)))
[debug] Clause(Atom(sbt.plugins.JUnitXmlReportPlugin),Set(Atom(sbt.plugins.JvmPlugin)))
[debug] Clause(Atom(sbt.plugins.MiniDependencyTreePlugin),Set(Atom(sbt.plugins.JvmPlugin)))
[debug] Clause(Atom(sbt.plugins.CorePlugin),Set(Atom(sbt.plugins.IvyPlugin)))
[debug] Clause(Atom(sbt.plugins.IvyPlugin),Set(Atom(sbt.plugins.JvmPlugin)))
[debug] Clause(Atom(sbt.plugins.JvmPlugin),Set(Atom(sbt.plugins.SemanticdbPlugin)))
[debug] Clause(Atom(sbt.plugins.JvmPlugin),Set(Atom(sbt.plugins.JUnitXmlReportPlugin)))
[debug] Clause(Atom(sbt.plugins.CorePlugin),Set(Atom(sbt.plugins.Giter8TemplatePlugin)))
[debug] Clause(Atom(sbt.plugins.JvmPlugin),Set(Atom(sbt.plugins.MiniDependencyTreePlugin))))
[debug]   :: deduced result: Matched(sbt.plugins.CorePlugin,sbt.plugins.Giter8TemplatePlugin,sbt.plugins.IvyPlugin,sbt.plugins.JvmPlugin,sbt.plugins.MiniDependencyTreePlugin,sbt.plugins.JUnitXmlReportPlugin,sbt.plugins.SemanticdbPlugin)
[debug] Plugins.deducer#function took 21.6614 ms
[debug]           Load.resolveProject(global-plugins) took 82.5667ms
[debug]         Load.loadTransitive: finalizeProject(Project(id global-plugins, base: C:\Users\Edwin Castano\.sbt\1.0\plugins, plugins: List(<none>))) took 138.192201ms
[debug] [Loading] Done in C:\Users\Edwin Castano\.sbt\1.0\plugins, returning: (global-plugins)
[debug]       Load.loadUnit: loadedProjectsRaw took 163.568301ms
[debug]       Load.loadUnit: cleanEvalClasses took 0.2917ms
[debug]     Load.loadUnit(file:/C:/Users/Edwin%20Castano/.sbt/1.0/plugins/, ...) took 351.430099ms
[debug]   Load.apply: load took 930.4654ms
[debug]   Load.apply: resolveProjects took 6.3874ms
[debug]   Load.apply: finalTransforms took 81.7587ms
[debug]   Load.apply: config.delegates took 8.2621ms
[debug]   Load.apply: Def.make(settings)... took 650.609099ms
[debug]   Load.apply: structureIndex took 99.8664ms
[debug]   Load.apply: mkStreams took 1.655399ms
[info] loading global plugins from C:\Users\Edwin Castano\.sbt\1.0\plugins
[debug] Running task... Cancel: Signal, check cycles: false, forcegc: true
[debug] Load.defaultLoad until apply took 9058.281599ms
[debug]           Load.loadUnit: plugins took 32.1059ms
[debug]           Load.loadUnit: defsScala took 0.0029ms
[debug] [Loading] Scanning directory C:\Users\Edwin Castano\Desktop\Git Folder\revature\Project_01\project
[debug]             Load.loadUnit: mkEval took 8.2313ms
[debug] [Loading] Found non-root projects 
[debug] [Loading] Done in C:\Users\Edwin Castano\Desktop\Git Folder\revature\Project_01\project, returning: ()
[debug] deducing auto plugins based on known facts Set(Atom(sbt.plugins.CorePlugin)) and clauses Clauses(Clause(Atom(sbt.plugins.JvmPlugin),Set(Atom(sbt.plugins.IvyPlugin)))
[debug] Clause(Atom(sbt.ScriptedPlugin),Set(Atom(sbt.plugins.JvmPlugin)))
[debug] Clause(Atom(sbt.plugins.SbtPlugin),Set(Atom(sbt.ScriptedPlugin)))
[debug] Clause(Atom(sbt.plugins.SemanticdbPlugin),Set(Atom(sbt.plugins.JvmPlugin)))
[debug] Clause(Atom(sbt.plugins.JUnitXmlReportPlugin),Set(Atom(sbt.plugins.JvmPlugin)))
[debug] Clause(Atom(sbt.plugins.MiniDependencyTreePlugin),Set(Atom(sbt.plugins.JvmPlugin)))
[debug] Clause(Atom(sbt.plugins.CorePlugin),Set(Atom(sbt.plugins.IvyPlugin)))
[debug] Clause(Atom(sbt.plugins.IvyPlugin),Set(Atom(sbt.plugins.JvmPlugin)))
[debug] Clause(Atom(sbt.plugins.JvmPlugin),Set(Atom(sbt.plugins.SemanticdbPlugin)))
[debug] Clause(Atom(sbt.plugins.JvmPlugin),Set(Atom(sbt.plugins.JUnitXmlReportPlugin)))
[debug] Clause(Atom(sbt.plugins.CorePlugin),Set(Atom(sbt.plugins.Giter8TemplatePlugin)))
[debug] Clause(Atom(sbt.plugins.JvmPlugin),Set(Atom(sbt.plugins.MiniDependencyTreePlugin))))
[debug]   :: deduced result: Matched(sbt.plugins.CorePlugin,sbt.plugins.Giter8TemplatePlugin,sbt.plugins.IvyPlugin,sbt.plugins.JvmPlugin,sbt.plugins.MiniDependencyTreePlugin,sbt.plugins.JUnitXmlReportPlugin,sbt.plugins.SemanticdbPlugin)
[debug] Plugins.deducer#function took 2.7287 ms
[info] loading settings for project project_01-build from idea6.sbt ...
[debug]               Load.resolveProject(project_01-build) took 9.959299ms
[debug]             Load.loadTransitive: finalizeProject(Project(id project_01-build, base: C:\Users\Edwin Castano\Desktop\Git Folder\revature\Project_01\project, plugins: List(<none>))) took 13.240401ms
[debug] [Loading] Done in C:\Users\Edwin Castano\Desktop\Git Folder\revature\Project_01\project, returning: (project_01-build)
[debug]           Load.loadUnit: loadedProjectsRaw took 319.4466ms
[debug]           Load.loadUnit: cleanEvalClasses took 5.0153ms
[debug]         Load.loadUnit(file:/C:/Users/Edwin%20Castano/Desktop/Git%20Folder/revature/Project_01/project/, ...) took 357.629ms
[debug]       Load.apply: load took 359.0827ms
[debug]       Load.apply: resolveProjects took 0.1093ms
[debug]       Load.apply: finalTransforms took 8.438ms
[debug]       Load.apply: config.delegates took 0.3376ms
[debug]       Load.apply: Def.make(settings)... took 85.5684ms
[debug]       Load.apply: structureIndex took 28.588599ms
[debug]       Load.apply: mkStreams took 0.0018ms
[info] loading project definition from C:\Users\Edwin Castano\Desktop\Git Folder\revature\Project_01\project
[debug] Running task... Cancel: Signal, check cycles: false, forcegc: true
[warn] Unrecognized repository Scala Plugin Bundled Repository, ignoring it
[warn] Unrecognized repository Scala Plugin Bundled Repository, ignoring it
[debug]     Load.loadUnit: plugins took 14523.3097ms
[debug]     Load.loadUnit: defsScala took 0.0034ms
[debug] [Loading] Scanning directory C:\Users\Edwin Castano\Desktop\Git Folder\revature\Project_01
[debug]       Load.loadUnit: mkEval took 0.280099ms
[debug] [Loading] Found root project root w/ remaining 
[debug] deducing auto plugins based on known facts Set(Atom(sbt.plugins.CorePlugin)) and clauses Clauses(Clause(Atom(sbt.plugins.JvmPlugin),Set(Atom(sbt.plugins.IvyPlugin)))
[debug] Clause(Atom(sbt.ScriptedPlugin),Set(Atom(sbt.plugins.JvmPlugin)))
[debug] Clause(Atom(sbt.plugins.SbtPlugin),Set(Atom(sbt.ScriptedPlugin)))
[debug] Clause(Atom(sbt.plugins.SemanticdbPlugin),Set(Atom(sbt.plugins.JvmPlugin)))
[debug] Clause(Atom(sbt.plugins.JUnitXmlReportPlugin),Set(Atom(sbt.plugins.JvmPlugin)))
[debug] Clause(Atom(sbt.plugins.MiniDependencyTreePlugin),Set(Atom(sbt.plugins.JvmPlugin)))
[debug] Clause(Atom(org.jetbrains.sbt.StructurePlugin),Set(Atom(sbt.plugins.JvmPlugin)))
[debug] Clause(Atom(org.jetbrains.sbt.IdeaShellPlugin),Set(Atom(sbt.plugins.JvmPlugin)))
[debug] Clause(Atom(org.jetbrains.sbt.indices.SbtIntellijIndicesPlugin),Set(Atom(sbt.plugins.JvmPlugin)))
[debug] Clause(Atom(sbt.plugins.CorePlugin),Set(Atom(sbt.plugins.IvyPlugin)))
[debug] Clause(Atom(sbt.plugins.IvyPlugin),Set(Atom(sbt.plugins.JvmPlugin)))
[debug] Clause(Atom(sbt.plugins.JvmPlugin),Set(Atom(sbt.plugins.SemanticdbPlugin)))
[debug] Clause(Atom(sbt.plugins.JvmPlugin),Set(Atom(sbt.plugins.JUnitXmlReportPlugin)))
[debug] Clause(Atom(sbt.plugins.CorePlugin),Set(Atom(sbt.plugins.Giter8TemplatePlugin)))
[debug] Clause(Atom(sbt.plugins.JvmPlugin),Set(Atom(sbt.plugins.MiniDependencyTreePlugin)))
[debug] Clause(Atom(sbt.plugins.JvmPlugin),Set(Atom(org.jetbrains.sbt.StructurePlugin)))
[debug] Clause(Atom(sbt.plugins.JvmPlugin),Set(Atom(org.jetbrains.sbt.IdeaShellPlugin)))
[debug] Clause(And(Set(Atom(sbt.plugins.CorePlugin), Atom(sbt.plugins.JvmPlugin))),Set(Atom(org.jetbrains.sbt.indices.SbtIntellijIndicesPlugin))))
[debug]   :: deduced result: Matched(sbt.plugins.CorePlugin,sbt.plugins.Giter8TemplatePlugin,sbt.plugins.IvyPlugin,sbt.plugins.JvmPlugin,sbt.plugins.SemanticdbPlugin,org.jetbrains.sbt.indices.SbtIntellijIndicesPlugin,sbt.plugins.JUnitXmlReportPlugin,org.jetbrains.sbt.IdeaShellPlugin,org.jetbrains.sbt.StructurePlugin,sbt.plugins.MiniDependencyTreePlugin)
[debug] Plugins.deducer#function took 2.4563 ms
[info] loading settings for project root from build.sbt ...
[debug]         Load.resolveProject(root) took 27.9949ms
[debug]       Load.loadTransitive: finalizeProject(Project(id root, base: C:\Users\Edwin Castano\Desktop\Git Folder\revature\Project_01, plugins: List(<none>))) took 32.0521ms
[debug] [Loading] Done in C:\Users\Edwin Castano\Desktop\Git Folder\revature\Project_01, returning: (root)
[debug]     Load.loadUnit: loadedProjectsRaw took 3814.6569ms
[debug]     Load.loadUnit: cleanEvalClasses took 15.2505ms
[debug]   Load.loadUnit(file:/C:/Users/Edwin%20Castano/Desktop/Git%20Folder/revature/Project_01/, ...) took 18353.9369ms
[debug] Load.apply: load took 18355.4441ms
[debug] Load.apply: resolveProjects took 0.0961ms
[debug] Load.apply: finalTransforms took 21.5817ms
[debug] Load.apply: config.delegates took 0.2612ms
[debug] Load.apply: Def.make(settings)... took 75.1364ms
[debug] Load.apply: structureIndex took 20.116901ms
[debug] Load.apply: mkStreams took 0.0022ms
[info] set current project to Project_01 (in build file:/C:/Users/Edwin%20Castano/Desktop/Git%20Folder/revature/Project_01/)
[debug] > Exec(sbtPopOnFailure, None, None)
[debug] > Exec(resumeFromFailure, None, None)
[debug] > Exec(notifyUsersAboutShell, None, None)
[debug] > Exec(iflast shell, None, None)
[debug] > Exec(; set ideaPort in Global := 49860 ; idea-shell, None, None)
[debug] > Exec(set ideaPort in Global := 49860, None, None)
[info] Defining Global / ideaPort
[info] The new value will be used by Compile / compile, Test / compile
[debug] Defining 
[debug] 	Global / ideaPort
[debug] 
[debug] The new value will be used by 
[debug] 	Compile / compile
[debug] 	Test / compile
[info] Reapplying settings...
[info] set current project to Project_01 (in build file:/C:/Users/Edwin%20Castano/Desktop/Git%20Folder/revature/Project_01/)
[debug] > Exec(idea-shell, None, None)
