[debug] > Exec(early(addDefaultCommands), None, None)
[debug] > Exec(addDefaultCommands, None, None)
[debug] > Exec(early(initialize), None, None)
[debug] > Exec(initialize, None, None)
[debug] > Exec(early(addPluginSbtFile="""C:\Users\EDWINC~1\AppData\Local\Temp\idea10.sbt"""), None, None)
[debug] > Exec(addPluginSbtFile="""C:\Users\EDWINC~1\AppData\Local\Temp\idea10.sbt""", None, None)
[debug] > Exec(boot, None, None)
[debug] > Exec(writeSbtVersion, None, None)
[debug] > Exec(reload, None, None)
[debug] > Exec(sbtStashOnFailure, None, None)
[debug] > Exec(onFailure loadFailed, None, None)
[debug] > Exec(loadp, None, None)
[info] welcome to sbt 1.6.2 (Amazon.com Inc. Java 1.8.0_332)
[debug]       Load.loadUnit: plugins took 91.5703ms
[debug]       Load.loadUnit: defsScala took 0.3447ms
[debug] [Loading] Scanning directory C:\Users\Edwin Castano\.sbt\1.0\plugins
[debug] [Loading] Found non-root projects 
[debug] [Loading] Done in C:\Users\Edwin Castano\.sbt\1.0\plugins, returning: ()
[debug] deducing auto plugins based on known facts Set(Atom(sbt.plugins.CorePlugin)) and clauses Clauses(Clause(Atom(sbt.plugins.JvmPlugin),Set(Atom(sbt.plugins.IvyPlugin)))
[debug] Clause(Atom(sbt.ScriptedPlugin),Set(Atom(sbt.plugins.JvmPlugin)))
[debug] Clause(Atom(sbt.plugins.SbtPlugin),Set(Atom(sbt.ScriptedPlugin)))
[debug] Clause(Atom(sbt.plugins.SemanticdbPlugin),Set(Atom(sbt.plugins.JvmPlugin)))
[debug] Clause(Atom(sbt.plugins.JUnitXmlReportPlugin),Set(Atom(sbt.plugins.JvmPlugin)))
[debug] Clause(Atom(sbt.plugins.MiniDependencyTreePlugin),Set(Atom(sbt.plugins.JvmPlugin)))
[debug] Clause(Atom(sbt.plugins.CorePlugin),Set(Atom(sbt.plugins.IvyPlugin)))
[debug] Clause(Atom(sbt.plugins.IvyPlugin),Set(Atom(sbt.plugins.JvmPlugin)))
[debug] Clause(Atom(sbt.plugins.JvmPlugin),Set(Atom(sbt.plugins.SemanticdbPlugin)))
[debug] Clause(Atom(sbt.plugins.JvmPlugin),Set(Atom(sbt.plugins.JUnitXmlReportPlugin)))
[debug] Clause(Atom(sbt.plugins.CorePlugin),Set(Atom(sbt.plugins.Giter8TemplatePlugin)))
[debug] Clause(Atom(sbt.plugins.JvmPlugin),Set(Atom(sbt.plugins.MiniDependencyTreePlugin))))
[debug]   :: deduced result: Matched(sbt.plugins.CorePlugin,sbt.plugins.Giter8TemplatePlugin,sbt.plugins.IvyPlugin,sbt.plugins.JvmPlugin,sbt.plugins.MiniDependencyTreePlugin,sbt.plugins.JUnitXmlReportPlugin,sbt.plugins.SemanticdbPlugin)
[debug] Plugins.deducer#function took 17.461 ms
[debug]           Load.resolveProject(global-plugins) took 49.7337ms
[debug]         Load.loadTransitive: finalizeProject(Project(id global-plugins, base: C:\Users\Edwin Castano\.sbt\1.0\plugins, plugins: List(<none>))) took 93.2375ms
[debug] [Loading] Done in C:\Users\Edwin Castano\.sbt\1.0\plugins, returning: (global-plugins)
[debug]       Load.loadUnit: loadedProjectsRaw took 115.2296ms
[debug]       Load.loadUnit: cleanEvalClasses took 0.2826ms
[debug]     Load.loadUnit(file:/C:/Users/Edwin%20Castano/.sbt/1.0/plugins/, ...) took 215.163ms
[debug]   Load.apply: load took 375.6548ms
[debug]   Load.apply: resolveProjects took 6.5353ms
[debug]   Load.apply: finalTransforms took 53.8963ms
[debug]   Load.apply: config.delegates took 7.6064ms
[debug]   Load.apply: Def.make(settings)... took 395.4205ms
[debug]   Load.apply: structureIndex took 90.3191ms
[debug]   Load.apply: mkStreams took 1.4107ms
[info] loading global plugins from C:\Users\Edwin Castano\.sbt\1.0\plugins
[debug] Running task... Cancel: Signal, check cycles: false, forcegc: true
[debug] Load.defaultLoad until apply took 2489.8606ms
[debug]           Load.loadUnit: plugins took 31.4321ms
[debug]           Load.loadUnit: defsScala took 0.0047ms
[debug] [Loading] Scanning directory C:\Users\Edwin Castano\Desktop\Git Folder\revature\Project_01\project
[debug]             Load.loadUnit: mkEval took 12.162ms
[debug] [Loading] Found non-root projects 
[debug] [Loading] Done in C:\Users\Edwin Castano\Desktop\Git Folder\revature\Project_01\project, returning: ()
[debug] deducing auto plugins based on known facts Set(Atom(sbt.plugins.CorePlugin)) and clauses Clauses(Clause(Atom(sbt.plugins.JvmPlugin),Set(Atom(sbt.plugins.IvyPlugin)))
[debug] Clause(Atom(sbt.ScriptedPlugin),Set(Atom(sbt.plugins.JvmPlugin)))
[debug] Clause(Atom(sbt.plugins.SbtPlugin),Set(Atom(sbt.ScriptedPlugin)))
[debug] Clause(Atom(sbt.plugins.SemanticdbPlugin),Set(Atom(sbt.plugins.JvmPlugin)))
[debug] Clause(Atom(sbt.plugins.JUnitXmlReportPlugin),Set(Atom(sbt.plugins.JvmPlugin)))
[debug] Clause(Atom(sbt.plugins.MiniDependencyTreePlugin),Set(Atom(sbt.plugins.JvmPlugin)))
[debug] Clause(Atom(sbt.plugins.CorePlugin),Set(Atom(sbt.plugins.IvyPlugin)))
[debug] Clause(Atom(sbt.plugins.IvyPlugin),Set(Atom(sbt.plugins.JvmPlugin)))
[debug] Clause(Atom(sbt.plugins.JvmPlugin),Set(Atom(sbt.plugins.SemanticdbPlugin)))
[debug] Clause(Atom(sbt.plugins.JvmPlugin),Set(Atom(sbt.plugins.JUnitXmlReportPlugin)))
[debug] Clause(Atom(sbt.plugins.CorePlugin),Set(Atom(sbt.plugins.Giter8TemplatePlugin)))
[debug] Clause(Atom(sbt.plugins.JvmPlugin),Set(Atom(sbt.plugins.MiniDependencyTreePlugin))))
[debug]   :: deduced result: Matched(sbt.plugins.CorePlugin,sbt.plugins.Giter8TemplatePlugin,sbt.plugins.IvyPlugin,sbt.plugins.JvmPlugin,sbt.plugins.MiniDependencyTreePlugin,sbt.plugins.JUnitXmlReportPlugin,sbt.plugins.SemanticdbPlugin)
[debug] Plugins.deducer#function took 2.5627 ms
[info] loading settings for project project_01-build from idea10.sbt ...
[debug]               Load.resolveProject(project_01-build) took 3.4693ms
[debug]             Load.loadTransitive: finalizeProject(Project(id project_01-build, base: C:\Users\Edwin Castano\Desktop\Git Folder\revature\Project_01\project, plugins: List(<none>))) took 6.7419ms
[debug] [Loading] Done in C:\Users\Edwin Castano\Desktop\Git Folder\revature\Project_01\project, returning: (project_01-build)
[debug]           Load.loadUnit: loadedProjectsRaw took 221.4553ms
[debug]           Load.loadUnit: cleanEvalClasses took 4.5015ms
[debug]         Load.loadUnit(file:/C:/Users/Edwin%20Castano/Desktop/Git%20Folder/revature/Project_01/project/, ...) took 258.4569ms
[debug]       Load.apply: load took 260.288ms
[debug]       Load.apply: resolveProjects took 0.114ms
[debug]       Load.apply: finalTransforms took 35.9829ms
[debug]       Load.apply: config.delegates took 0.7711ms
[debug]       Load.apply: Def.make(settings)... took 98.2711ms
[debug]       Load.apply: structureIndex took 23.3043ms
[debug]       Load.apply: mkStreams took 0.0016ms
[info] loading project definition from C:\Users\Edwin Castano\Desktop\Git Folder\revature\Project_01\project
[debug] Running task... Cancel: Signal, check cycles: false, forcegc: true
[warn] Unrecognized repository Scala Plugin Bundled Repository, ignoring it
[warn] Unrecognized repository Scala Plugin Bundled Repository, ignoring it
[debug]     Load.loadUnit: plugins took 2056.0385ms
[debug]     Load.loadUnit: defsScala took 0.0026ms
[debug] [Loading] Scanning directory C:\Users\Edwin Castano\Desktop\Git Folder\revature\Project_01
[debug]       Load.loadUnit: mkEval took 0.2238ms
[error] [C:\Users\Edwin Castano\Desktop\Git Folder\revature\Project_01\build.sbt]:13: ';' expected but ')' found.
[debug] > Exec(loadFailed, None, None)
[warn] Project loading failed: (r)etry, (q)uit, (l)ast, or (i)gnore? (default: r)
